{"name":"hexo","hostname":"DESKTOP-JURC4MA","pid":536,"level":20,"msg":"Writing database to /mnt/e/github.io/gamersover.github.io/db.json","time":"2019-12-23T12:42:38.182Z","v":0}
{"name":"hexo","hostname":"DESKTOP-JURC4MA","pid":536,"level":20,"msg":"Hexo version: \u001b[35m4.0.0\u001b[39m","time":"2019-12-23T12:42:38.198Z","v":0}
{"name":"hexo","hostname":"DESKTOP-JURC4MA","pid":536,"level":20,"msg":"Working directory: \u001b[35m/mnt/e/github.io/gamersover.github.io/\u001b[39m","time":"2019-12-23T12:42:38.199Z","v":0}
{"name":"hexo","hostname":"DESKTOP-JURC4MA","pid":536,"level":20,"msg":"Config loaded: \u001b[35m/mnt/e/github.io/gamersover.github.io/_config.yml\u001b[39m","time":"2019-12-23T12:42:38.310Z","v":0}
{"name":"hexo","hostname":"DESKTOP-JURC4MA","pid":536,"level":20,"msg":"Plugin loaded: \u001b[35mhexo-deployer-git\u001b[39m","time":"2019-12-23T12:42:38.333Z","v":0}
{"name":"hexo","hostname":"DESKTOP-JURC4MA","pid":536,"level":20,"msg":"Plugin loaded: \u001b[35mhexo-generator-index\u001b[39m","time":"2019-12-23T12:42:38.335Z","v":0}
{"name":"hexo","hostname":"DESKTOP-JURC4MA","pid":536,"level":20,"msg":"Plugin loaded: \u001b[35mhexo-renderer-marked\u001b[39m","time":"2019-12-23T12:42:38.361Z","v":0}
{"name":"hexo","hostname":"DESKTOP-JURC4MA","pid":536,"level":20,"msg":"Plugin loaded: \u001b[35mhexo-generator-tag\u001b[39m","time":"2019-12-23T12:42:38.362Z","v":0}
{"name":"hexo","hostname":"DESKTOP-JURC4MA","pid":536,"level":20,"msg":"Plugin loaded: \u001b[35mhexo-generator-archive\u001b[39m","time":"2019-12-23T12:42:38.363Z","v":0}
{"name":"hexo","hostname":"DESKTOP-JURC4MA","pid":536,"level":20,"msg":"Plugin loaded: \u001b[35mhexo-generator-category\u001b[39m","time":"2019-12-23T12:42:38.365Z","v":0}
{"name":"hexo","hostname":"DESKTOP-JURC4MA","pid":536,"level":20,"msg":"Plugin loaded: \u001b[35mhexo-renderer-ejs\u001b[39m","time":"2019-12-23T12:42:38.367Z","v":0}
{"name":"hexo","hostname":"DESKTOP-JURC4MA","pid":536,"level":20,"msg":"Plugin loaded: \u001b[35mhexo-renderer-stylus\u001b[39m","time":"2019-12-23T12:42:38.449Z","v":0}
{"name":"hexo","hostname":"DESKTOP-JURC4MA","pid":536,"level":20,"msg":"Plugin loaded: \u001b[35mhexo-server\u001b[39m","time":"2019-12-23T12:42:38.509Z","v":0}
{"name":"hexo","hostname":"DESKTOP-JURC4MA","pid":536,"level":20,"msg":"Script loaded: \u001b[35mthemes/next/scripts/events/lib/config.js\u001b[39m","time":"2019-12-23T12:42:38.516Z","v":0}
{"name":"hexo","hostname":"DESKTOP-JURC4MA","pid":536,"level":20,"msg":"Script loaded: \u001b[35mthemes/next/scripts/filters/comment/changyan.js\u001b[39m","time":"2019-12-23T12:42:38.517Z","v":0}
{"name":"hexo","hostname":"DESKTOP-JURC4MA","pid":536,"level":20,"msg":"Script loaded: \u001b[35mthemes/next/scripts/events/lib/injects.js\u001b[39m","time":"2019-12-23T12:42:38.518Z","v":0}
{"name":"hexo","hostname":"DESKTOP-JURC4MA","pid":536,"level":20,"msg":"Script loaded: \u001b[35mthemes/next/scripts/filters/comment/default-config.js\u001b[39m","time":"2019-12-23T12:42:38.519Z","v":0}
{"name":"hexo","hostname":"DESKTOP-JURC4MA","pid":536,"level":20,"msg":"Script loaded: \u001b[35mthemes/next/scripts/filters/comment/disqus.js\u001b[39m","time":"2019-12-23T12:42:38.519Z","v":0}
{"name":"hexo","hostname":"DESKTOP-JURC4MA","pid":536,"level":20,"msg":"Script loaded: \u001b[35mthemes/next/scripts/filters/comment/disqusjs.js\u001b[39m","time":"2019-12-23T12:42:38.521Z","v":0}
{"name":"hexo","hostname":"DESKTOP-JURC4MA","pid":536,"level":20,"msg":"Script loaded: \u001b[35mthemes/next/scripts/filters/comment/gitalk.js\u001b[39m","time":"2019-12-23T12:42:38.521Z","v":0}
{"name":"hexo","hostname":"DESKTOP-JURC4MA","pid":536,"level":20,"msg":"Script loaded: \u001b[35mthemes/next/scripts/events/lib/injects-point.js\u001b[39m","time":"2019-12-23T12:42:38.521Z","v":0}
{"name":"hexo","hostname":"DESKTOP-JURC4MA","pid":536,"level":20,"msg":"Script loaded: \u001b[35mthemes/next/scripts/filters/minify.js\u001b[39m","time":"2019-12-23T12:42:38.522Z","v":0}
{"name":"hexo","hostname":"DESKTOP-JURC4MA","pid":536,"level":20,"msg":"Script loaded: \u001b[35mthemes/next/scripts/filters/post.js\u001b[39m","time":"2019-12-23T12:42:38.523Z","v":0}
{"name":"hexo","hostname":"DESKTOP-JURC4MA","pid":536,"level":20,"msg":"Script loaded: \u001b[35mthemes/next/scripts/helpers/font.js\u001b[39m","time":"2019-12-23T12:42:38.523Z","v":0}
{"name":"hexo","hostname":"DESKTOP-JURC4MA","pid":536,"level":20,"msg":"Script loaded: \u001b[35mthemes/next/scripts/filters/comment/valine.js\u001b[39m","time":"2019-12-23T12:42:38.524Z","v":0}
{"name":"hexo","hostname":"DESKTOP-JURC4MA","pid":536,"level":20,"msg":"Script loaded: \u001b[35mthemes/next/scripts/helpers/engine.js\u001b[39m","time":"2019-12-23T12:42:38.525Z","v":0}
{"name":"hexo","hostname":"DESKTOP-JURC4MA","pid":536,"level":20,"msg":"Script loaded: \u001b[35mthemes/next/scripts/events/index.js\u001b[39m","time":"2019-12-23T12:42:38.525Z","v":0}
{"name":"hexo","hostname":"DESKTOP-JURC4MA","pid":536,"level":20,"msg":"Script loaded: \u001b[35mthemes/next/scripts/helpers/next-url.js\u001b[39m","time":"2019-12-23T12:42:38.716Z","v":0}
{"name":"hexo","hostname":"DESKTOP-JURC4MA","pid":536,"level":20,"msg":"Script loaded: \u001b[35mthemes/next/scripts/filters/comment/common.js\u001b[39m","time":"2019-12-23T12:42:38.717Z","v":0}
{"name":"hexo","hostname":"DESKTOP-JURC4MA","pid":536,"level":20,"msg":"Script loaded: \u001b[35mthemes/next/scripts/renderer.js\u001b[39m","time":"2019-12-23T12:42:38.718Z","v":0}
{"name":"hexo","hostname":"DESKTOP-JURC4MA","pid":536,"level":20,"msg":"Script loaded: \u001b[35mthemes/next/scripts/filters/locals.js\u001b[39m","time":"2019-12-23T12:42:38.719Z","v":0}
{"name":"hexo","hostname":"DESKTOP-JURC4MA","pid":536,"level":20,"msg":"Script loaded: \u001b[35mthemes/next/scripts/tags/center-quote.js\u001b[39m","time":"2019-12-23T12:42:38.719Z","v":0}
{"name":"hexo","hostname":"DESKTOP-JURC4MA","pid":536,"level":20,"msg":"Script loaded: \u001b[35mthemes/next/scripts/tags/group-pictures.js\u001b[39m","time":"2019-12-23T12:42:38.720Z","v":0}
{"name":"hexo","hostname":"DESKTOP-JURC4MA","pid":536,"level":20,"msg":"Script loaded: \u001b[35mthemes/next/scripts/tags/caniuse.js\u001b[39m","time":"2019-12-23T12:42:38.721Z","v":0}
{"name":"hexo","hostname":"DESKTOP-JURC4MA","pid":536,"level":20,"msg":"Script loaded: \u001b[35mthemes/next/scripts/tags/include-raw.js\u001b[39m","time":"2019-12-23T12:42:38.722Z","v":0}
{"name":"hexo","hostname":"DESKTOP-JURC4MA","pid":536,"level":20,"msg":"Script loaded: \u001b[35mthemes/next/scripts/tags/label.js\u001b[39m","time":"2019-12-23T12:42:38.722Z","v":0}
{"name":"hexo","hostname":"DESKTOP-JURC4MA","pid":536,"level":20,"msg":"Script loaded: \u001b[35mthemes/next/scripts/tags/note.js\u001b[39m","time":"2019-12-23T12:42:38.723Z","v":0}
{"name":"hexo","hostname":"DESKTOP-JURC4MA","pid":536,"level":20,"msg":"Script loaded: \u001b[35mthemes/next/scripts/tags/button.js\u001b[39m","time":"2019-12-23T12:42:38.723Z","v":0}
{"name":"hexo","hostname":"DESKTOP-JURC4MA","pid":536,"level":20,"msg":"Script loaded: \u001b[35mthemes/next/scripts/tags/mermaid.js\u001b[39m","time":"2019-12-23T12:42:38.724Z","v":0}
{"name":"hexo","hostname":"DESKTOP-JURC4MA","pid":536,"level":20,"msg":"Script loaded: \u001b[35mthemes/next/scripts/tags/pdf.js\u001b[39m","time":"2019-12-23T12:42:38.724Z","v":0}
{"name":"hexo","hostname":"DESKTOP-JURC4MA","pid":536,"level":20,"msg":"Script loaded: \u001b[35mthemes/next/scripts/filters/default-injects.js\u001b[39m","time":"2019-12-23T12:42:38.725Z","v":0}
{"name":"hexo","hostname":"DESKTOP-JURC4MA","pid":536,"level":20,"msg":"Script loaded: \u001b[35mthemes/next/scripts/filters/comment/livere.js\u001b[39m","time":"2019-12-23T12:42:38.726Z","v":0}
{"name":"hexo","hostname":"DESKTOP-JURC4MA","pid":536,"level":20,"msg":"Script loaded: \u001b[35mthemes/next/scripts/tags/tabs.js\u001b[39m","time":"2019-12-23T12:42:38.726Z","v":0}
{"name":"hexo","hostname":"DESKTOP-JURC4MA","pid":536,"level":20,"msg":"Script loaded: \u001b[35mthemes/next/scripts/tags/video.js\u001b[39m","time":"2019-12-23T12:42:38.728Z","v":0}
{"name":"hexo","hostname":"DESKTOP-JURC4MA","pid":536,"level":20,"msg":"Database saved","time":"2019-12-23T12:42:38.743Z","v":0}
